<?xml version="1.0" encoding="UTF-8"?>
<!-- Generated by org.testng.reporters.JUnitReportReporter -->
<testsuite hostname="LAPTOP-RIM8G626" failures="0" tests="1" name="testCases.TC002_LoginTest" time="1.980" errors="0" timestamp="2025-03-15T00:23:58 IST" skipped="0">
  <testcase classname="testCases.TC002_LoginTest" name="Verify_Login" time="1.980"/>
</testsuite> <!-- testCases.TC002_LoginTest -->
