<?xml version="1.0" encoding="UTF-8"?>
<!-- Generated by org.testng.reporters.JUnitReportReporter -->
<testsuite hostname="LAPTOP-RIM8G626" failures="0" tests="1" name="testCases.TC001_AccountRegistrationTest" time="2.957" errors="0" timestamp="2025-03-15T00:19:01 IST" skipped="0">
  <testcase classname="testCases.TC001_AccountRegistrationTest" name="Verify_account_registration" time="2.957"/>
</testsuite> <!-- testCases.TC001_AccountRegistrationTest -->
