<?xml version="1.0" encoding="UTF-8"?>
<!-- Generated by org.testng.reporters.JUnitReportReporter -->
<testsuite hostname="LAPTOP-RIM8G626" failures="0" tests="1" name="testCases.TC002_LoginTest" time="2.229" errors="0" timestamp="2025-03-15T00:19:01 IST" skipped="0">
  <testcase classname="testCases.TC002_LoginTest" name="Verify_Login" time="2.229"/>
</testsuite> <!-- testCases.TC002_LoginTest -->
